<?xml version="1.0" encoding="UTF-8"?>
<!-- Generated by org.testng.reporters.JUnitReportReporter -->
<testsuite hostname="Manraymans-MacBook-Air.local" failures="0" tests="6" name="com.example.runner.CucumberRunnerTests" time="32.223" errors="1" timestamp="2023-06-19T11:48:21 IST" skipped="0">
  <testcase classname="com.example.runner.CucumberRunnerTests" name="runScenario" time="5.305"/>
  <testcase classname="com.example.runner.CucumberRunnerTests" name="runScenario" time="5.601"/>
  <testcase classname="com.example.runner.CucumberRunnerTests" name="runScenario" time="4.982"/>
  <testcase classname="com.example.runner.CucumberRunnerTests" name="runScenario" time="4.659"/>
  <testcase classname="com.example.runner.CucumberRunnerTests" name="runScenario" time="4.558">
    <error message="Session ID is null. Using WebDriver after calling quit()?
Build info: version: &#039;4.9.1&#039;, revision: &#039;eb2032df7f&#039;
System info: os.name: &#039;Mac OS X&#039;, os.arch: &#039;aarch64&#039;, os.version: &#039;13.4&#039;, java.version: &#039;11.0.19&#039;
Driver info: org.openqa.selenium.chrome.ChromeDriver
Command: [null, clickElement {id=E6395E610994DFAFE28289382E6A46B7_element_30}]
Capabilities {acceptInsecureCerts: false, browserName: chrome, browserVersion: 114.0.5735.133, chrome: {chromedriverVersion: 114.0.5735.90 (386bc09e8f4f..., userDataDir: /var/folders/bp/gj4b9c7n3zg...}, goog:chromeOptions: {debuggerAddress: localhost:50597}, networkConnectionEnabled: false, pageLoadStrategy: normal, platformName: mac, proxy: Proxy(), se:cdp: ws://localhost:50597/devtoo..., se:cdpVersion: 114.0.5735.133, setWindowRect: true, strictFileInteractability: false, timeouts: {implicit: 0, pageLoad: 300000, script: 30000}, unhandledPromptBehavior: dismiss and notify, webauthn:extension:credBlob: true, webauthn:extension:largeBlob: true, webauthn:extension:minPinLength: true, webauthn:extension:prf: true, webauthn:virtualAuthenticators: true}
Element: [[ChromeDriver: chrome on mac (febcfdd403c3a0098388aaf9ceee2b7b)] -&gt; css selector: .orangehrm-forgot-password-button--cancel]" type="org.openqa.selenium.NoSuchSessionException">
      <![CDATA[org.openqa.selenium.NoSuchSessionException: Session ID is null. Using WebDriver after calling quit()?
Build info: version: '4.9.1', revision: 'eb2032df7f'
System info: os.name: 'Mac OS X', os.arch: 'aarch64', os.version: '13.4', java.version: '11.0.19'
Driver info: org.openqa.selenium.chrome.ChromeDriver
Command: [null, clickElement {id=E6395E610994DFAFE28289382E6A46B7_element_30}]
Capabilities {acceptInsecureCerts: false, browserName: chrome, browserVersion: 114.0.5735.133, chrome: {chromedriverVersion: 114.0.5735.90 (386bc09e8f4f..., userDataDir: /var/folders/bp/gj4b9c7n3zg...}, goog:chromeOptions: {debuggerAddress: localhost:50597}, networkConnectionEnabled: false, pageLoadStrategy: normal, platformName: mac, proxy: Proxy(), se:cdp: ws://localhost:50597/devtoo..., se:cdpVersion: 114.0.5735.133, setWindowRect: true, strictFileInteractability: false, timeouts: {implicit: 0, pageLoad: 300000, script: 30000}, unhandledPromptBehavior: dismiss and notify, webauthn:extension:credBlob: true, webauthn:extension:largeBlob: true, webauthn:extension:minPinLength: true, webauthn:extension:prf: true, webauthn:virtualAuthenticators: true}
Element: [[ChromeDriver: chrome on mac (febcfdd403c3a0098388aaf9ceee2b7b)] -> css selector: .orangehrm-forgot-password-button--cancel]
at org.openqa.selenium.remote.HttpCommandExecutor.execute(HttpCommandExecutor.java:154)
at org.openqa.selenium.remote.service.DriverCommandExecutor.invokeExecute(DriverCommandExecutor.java:183)
at org.openqa.selenium.remote.service.DriverCommandExecutor.execute(DriverCommandExecutor.java:158)
at org.openqa.selenium.remote.RemoteWebDriver.execute(RemoteWebDriver.java:543)
at org.openqa.selenium.remote.RemoteWebElement.execute(RemoteWebElement.java:257)
at org.openqa.selenium.remote.RemoteWebElement.click(RemoteWebElement.java:78)
at com.example.definitions.LoginPageDefinitions.user_clicks_on_cancel_button_on_forgot_password_page(LoginPageDefinitions.java:89)
at âœ½.User clicks on cancel button on forgot password page(file:///Users/rayman/eclipse-workspace/CucumberTestNG_Demo/src/test/resources/features/LoginPage.feature:17)
]]>
    </error>
  </testcase> <!-- runScenario -->
  <testcase classname="com.example.runner.CucumberRunnerTests" name="runScenario" time="7.118"/>
</testsuite> <!-- com.example.runner.CucumberRunnerTests -->
